0 info it worked if it ends with ok
1 verbose cli [ 'node', '/usr/local/bin/npm', 'install', 'colors', '--save' ]
2 info using npm@2.1.11
3 info using node@v0.10.33
4 verbose node symlink /usr/local/bin/node
5 verbose config Skipping project config: /Users/hannahzhang/.npmrc. (matches userconfig)
6 silly cache add args [ 'colors', null ]
7 verbose cache add spec colors
8 silly cache add parsed spec { raw: 'colors',
8 silly cache add   scope: null,
8 silly cache add   name: 'colors',
8 silly cache add   rawSpec: '',
8 silly cache add   spec: '*',
8 silly cache add   type: 'range' }
9 verbose addNamed colors@*
10 silly addNamed semver.valid null
11 silly addNamed semver.validRange *
12 silly addNameRange { name: 'colors', range: '*', hasData: false }
13 silly mapToRegistry name colors
14 silly mapToRegistry using default registry
15 silly mapToRegistry registry https://registry.npmjs.org/
16 silly mapToRegistry uri https://registry.npmjs.org/colors
17 verbose addNameRange registry:https://registry.npmjs.org/colors not in flight; fetching
18 verbose request uri https://registry.npmjs.org/colors
19 verbose request no auth needed
20 info attempt registry request try #1 at 07:56:20
21 verbose request id e21a078f3ddaa61b
22 verbose etag "71Q9URCJO3SEF6545UBERZ7IS"
23 http request GET https://registry.npmjs.org/colors
24 http 304 https://registry.npmjs.org/colors
25 silly get cb [ 304,
25 silly get   { date: 'Tue, 23 Jun 2015 23:56:22 GMT',
25 silly get     via: '1.1 varnish',
25 silly get     'cache-control': 'max-age=60',
25 silly get     etag: '"71Q9URCJO3SEF6545UBERZ7IS"',
25 silly get     age: '58',
25 silly get     connection: 'keep-alive',
25 silly get     'x-served-by': 'cache-lax1435-LAX',
25 silly get     'x-cache': 'HIT',
25 silly get     'x-cache-hits': '4',
25 silly get     'x-timer': 'S1435103782.608937,VS0,VE0',
25 silly get     vary: 'Accept' } ]
26 verbose etag https://registry.npmjs.org/colors from cache
27 silly addNameRange number 2 { name: 'colors', range: '*', hasData: true }
28 silly addNameRange versions [ 'colors',
28 silly addNameRange   [ '0.3.0',
28 silly addNameRange     '0.5.0',
28 silly addNameRange     '0.5.1',
28 silly addNameRange     '0.6.0',
28 silly addNameRange     '0.6.0-1',
28 silly addNameRange     '0.6.1',
28 silly addNameRange     '0.6.2',
28 silly addNameRange     '1.0.0',
28 silly addNameRange     '1.0.1',
28 silly addNameRange     '1.0.2',
28 silly addNameRange     '1.0.3',
28 silly addNameRange     '1.1.0',
28 silly addNameRange     '1.1.1',
28 silly addNameRange     '1.1.2' ] ]
29 verbose addNamed colors@1.1.2
30 silly addNamed semver.valid 1.1.2
31 silly addNamed semver.validRange 1.1.2
32 silly cache afterAdd colors@1.1.2
33 verbose afterAdd /Users/hannahzhang/.npm/colors/1.1.2/package/package.json not in flight; writing
34 verbose afterAdd /Users/hannahzhang/.npm/colors/1.1.2/package/package.json written
35 silly install resolved [ { name: 'colors',
35 silly install resolved     description: 'get colors in your node.js console',
35 silly install resolved     version: '1.1.2',
35 silly install resolved     author: { name: 'Marak Squires' },
35 silly install resolved     homepage: 'https://github.com/Marak/colors.js',
35 silly install resolved     bugs: { url: 'https://github.com/Marak/colors.js/issues' },
35 silly install resolved     keywords: [ 'ansi', 'terminal', 'colors' ],
35 silly install resolved     repository: { type: 'git', url: 'http://github.com/Marak/colors.js.git' },
35 silly install resolved     license: 'MIT',
35 silly install resolved     scripts: { test: 'node tests/basic-test.js && node tests/safe-test.js' },
35 silly install resolved     engines: { node: '>=0.1.90' },
35 silly install resolved     main: 'lib',
35 silly install resolved     files: [ 'examples', 'lib', 'LICENSE', 'safe.js', 'themes' ],
35 silly install resolved     gitHead: '8bf2ad9fa695dcb30b7e9fd83691b139fd6655c4',
35 silly install resolved     _id: 'colors@1.1.2',
35 silly install resolved     _shasum: '168a4701756b6a7f51a12ce0c97bfa28c084ed63',
35 silly install resolved     _from: 'colors@*',
35 silly install resolved     _npmVersion: '2.1.8',
35 silly install resolved     _nodeVersion: '0.11.13',
35 silly install resolved     _npmUser: { name: 'marak', email: 'marak.squires@gmail.com' },
35 silly install resolved     maintainers: [ [Object] ],
35 silly install resolved     dist:
35 silly install resolved      { shasum: '168a4701756b6a7f51a12ce0c97bfa28c084ed63',
35 silly install resolved        tarball: 'http://registry.npmjs.org/colors/-/colors-1.1.2.tgz' },
35 silly install resolved     directories: {},
35 silly install resolved     _resolved: 'https://registry.npmjs.org/colors/-/colors-1.1.2.tgz',
35 silly install resolved     readme: 'ERROR: No README data found!' } ]
36 info install colors@1.1.2 into /Users/hannahzhang
37 info installOne colors@1.1.2
38 verbose installOne of colors to /Users/hannahzhang not in flight; installing
39 warn locking Error: EACCES, open '/Users/hannahzhang/.npm/_locks/colors-901b5a5fab8ad7cb.lock'
39 warn locking  /Users/hannahzhang/.npm/_locks/colors-901b5a5fab8ad7cb.lock failed { [Error: EACCES, open '/Users/hannahzhang/.npm/_locks/colors-901b5a5fab8ad7cb.lock']
39 warn locking   errno: 3,
39 warn locking   code: 'EACCES',
39 warn locking   path: '/Users/hannahzhang/.npm/_locks/colors-901b5a5fab8ad7cb.lock' }
40 verbose stack Error: Attempt to unlock /Users/hannahzhang/node_modules/colors, which hasn't been locked
40 verbose stack     at unlock (/usr/local/lib/node_modules/npm/lib/utils/locker.js:66:11)
40 verbose stack     at cb (/usr/local/lib/node_modules/npm/lib/install.js:929:5)
40 verbose stack     at /usr/local/lib/node_modules/npm/lib/install.js:933:20
40 verbose stack     at /usr/local/lib/node_modules/npm/lib/utils/locker.js:40:9
40 verbose stack     at cb (/usr/local/lib/node_modules/npm/node_modules/lockfile/lockfile.js:149:38)
40 verbose stack     at /usr/local/lib/node_modules/npm/node_modules/lockfile/lockfile.js:177:38
40 verbose stack     at Object.oncomplete (fs.js:107:15)
41 verbose cwd /Users/hannahzhang/code/meanDemo
42 error Darwin 14.1.0
43 error argv "node" "/usr/local/bin/npm" "install" "colors" "--save"
44 error node v0.10.33
45 error npm  v2.1.11
46 error Attempt to unlock /Users/hannahzhang/node_modules/colors, which hasn't been locked
47 error If you need help, you may report this error at:
47 error     <http://github.com/npm/npm/issues>
48 verbose exit [ 1, true ]
